Thu Sep 28 08:47:14 UTC 2023
Thu Sep 28 09:13:39 UTC 2023
Thu Sep 28 10:14:38 UTC 2023
Thu Sep 28 11:11:30 UTC 2023
Thu Sep 28 12:27:37 UTC 2023
Thu Sep 28 13:17:34 UTC 2023
Thu Sep 28 14:13:21 UTC 2023
Thu Sep 28 15:14:38 UTC 2023
Thu Sep 28 16:18:19 UTC 2023
Thu Sep 28 17:12:22 UTC 2023
Fri Sep 29 02:17:43 UTC 2023
Fri Sep 29 03:11:02 UTC 2023
Fri Sep 29 04:13:09 UTC 2023
Fri Sep 29 05:10:02 UTC 2023
Fri Sep 29 06:26:22 UTC 2023
Fri Sep 29 14:15:11 UTC 2023
Sat Sep 30 14:14:34 UTC 2023
Sun Oct  1 14:14:48 UTC 2023
Mon Oct  2 14:17:23 UTC 2023
Tue Oct  3 05:08:46 UTC 2023
Tue Oct  3 14:17:50 UTC 2023
Wed Oct  4 05:08:59 UTC 2023
Wed Oct  4 14:17:39 UTC 2023
Thu Oct  5 05:08:59 UTC 2023
Thu Oct  5 14:17:19 UTC 2023
Fri Oct  6 05:08:59 UTC 2023
Fri Oct  6 14:17:34 UTC 2023
Sat Oct  7 14:14:31 UTC 2023
Sun Oct  8 14:14:37 UTC 2023
Mon Oct  9 14:18:13 UTC 2023
Tue Oct 10 05:08:42 UTC 2023
Tue Oct 10 14:17:33 UTC 2023
Wed Oct 11 05:08:43 UTC 2023
Wed Oct 11 14:18:34 UTC 2023
Thu Oct 12 05:08:53 UTC 2023
Thu Oct 12 14:17:27 UTC 2023
Fri Oct 13 05:09:17 UTC 2023
Fri Oct 13 14:17:12 UTC 2023
Sat Oct 14 14:14:29 UTC 2023
Sun Oct 15 14:15:06 UTC 2023
Mon Oct 16 14:18:30 UTC 2023
Tue Oct 17 05:08:57 UTC 2023
Tue Oct 17 14:17:23 UTC 2023
Wed Oct 18 05:08:50 UTC 2023
Wed Oct 18 14:17:32 UTC 2023
Thu Oct 19 05:09:09 UTC 2023
Thu Oct 19 14:17:17 UTC 2023
Fri Oct 20 05:08:54 UTC 2023
Fri Oct 20 14:16:50 UTC 2023
Sat Oct 21 14:14:35 UTC 2023
Sun Oct 22 14:15:03 UTC 2023
Mon Oct 23 14:17:48 UTC 2023
Tue Oct 24 05:08:48 UTC 2023
Tue Oct 24 14:15:33 UTC 2023
Wed Oct 25 05:09:00 UTC 2023
Wed Oct 25 14:16:43 UTC 2023
Thu Oct 26 05:08:52 UTC 2023
Thu Oct 26 14:16:48 UTC 2023
Fri Oct 27 05:08:36 UTC 2023
Fri Oct 27 14:16:06 UTC 2023
Fri Oct 27 20:42:18 UTC 2023
Sat Oct 28 14:14:30 UTC 2023
Sat Oct 28 14:39:18 UTC 2023
Sat Oct 28 14:40:20 UTC 2023
Sat Oct 28 15:22:15 UTC 2023
Sun Oct 29 08:34:11 UTC 2023
Sun Oct 29 14:14:38 UTC 2023
